[debug] [2025-10-23T07:49:35.934Z] [Firebase Plugin] Activating Firebase extension.
[debug] [2025-10-23T07:49:40.583Z] [Firebase Plugin] requireAuthWrapper
[debug] [2025-10-23T07:49:40.584Z] > command requires scopes: ["email","openid","https://www.googleapis.com/auth/cloudplatformprojects.readonly","https://www.googleapis.com/auth/firebase","https://www.googleapis.com/auth/cloud-platform"]
[debug] [2025-10-23T07:49:40.584Z] > authorizing via signed-in user (jena.espelita@gmail.com)
[debug] [2025-10-23T07:49:40.587Z] Checked if tokens are valid: false, expires at: 1761143864441
[debug] [2025-10-23T07:49:40.587Z] Checked if tokens are valid: false, expires at: 1761143864441
[debug] [2025-10-23T07:49:40.588Z] > refreshing access token with scopes: []
[debug] [2025-10-23T07:49:40.589Z] >>> [apiv2][query] POST https://www.googleapis.com/oauth2/v3/token [none]
[debug] [2025-10-23T07:49:40.589Z] >>> [apiv2][body] POST https://www.googleapis.com/oauth2/v3/token [omitted]
[info] [Firebase Plugin] Starting Data Connect toolkit (version 2.15.0) on port 50002
[debug] [2025-10-23T07:49:41.035Z] 'fdc build' failed with error: Unable to build your Data Connect schema and connectors (exit code 1): E1023 15:49:41.008977   34444 cmd.go:43] Error loading data connect config: could not find dataconnect.yaml in `c:\Users\Jena Espelita\Favorites\dgp-deploy\dataconnect`
 {"metadata":{"emulator":{"name":"dataconnect"},"message":"'fdc build' failed with error: Unable to build your Data Connect schema and connectors (exit code 1): E1023 15:49:41.008977   34444 cmd.go:43] Error loading data connect config: could not find dataconnect.yaml in `c:\\Users\\Jena Espelita\\Favorites\\dgp-deploy\\dataconnect`\n"}}
[debug] [2025-10-23T07:49:41.035Z] Ignoring unsupported arg: auto_download {"metadata":{"emulator":{"name":"dataconnect"},"message":"Ignoring unsupported arg: auto_download"}}
[debug] [2025-10-23T07:49:41.035Z] Ignoring unsupported arg: port {"metadata":{"emulator":{"name":"dataconnect"},"message":"Ignoring unsupported arg: port"}}
[debug] [2025-10-23T07:49:41.036Z] Starting Data Connect Emulator with command {"binary":"C:\\Users\\Jena Espelita\\.cache\\firebase\\emulators\\dataconnect-emulator-2.15.0.exe","args":["--logtostderr","-v=2","dev","--listen=localhost:50002","--config_dir=c:\\Users\\Jena Espelita\\Favorites\\dgp-deploy\\dataconnect","--enable_output_schema_extensions=true","--enable_output_generated_sdk=true"],"optionalArgs":["listen","config_dir","enable_output_schema_extensions","enable_output_generated_sdk"],"joinArgs":true,"shell":false,"port":9399} {"metadata":{"emulator":{"name":"dataconnect"},"message":"Starting Data Connect Emulator with command {\"binary\":\"C:\\\\Users\\\\Jena Espelita\\\\.cache\\\\firebase\\\\emulators\\\\dataconnect-emulator-2.15.0.exe\",\"args\":[\"--logtostderr\",\"-v=2\",\"dev\",\"--listen=localhost:50002\",\"--config_dir=c:\\\\Users\\\\Jena Espelita\\\\Favorites\\\\dgp-deploy\\\\dataconnect\",\"--enable_output_schema_extensions=true\",\"--enable_output_generated_sdk=true\"],\"optionalArgs\":[\"listen\",\"config_dir\",\"enable_output_schema_extensions\",\"enable_output_generated_sdk\"],\"joinArgs\":true,\"shell\":false,\"port\":9399}"}}
[info] i  dataconnect: Data Connect Emulator logging to dataconnect-debug.log {"metadata":{"emulator":{"name":"dataconnect"},"message":"Data Connect Emulator logging to \u001b[1mdataconnect-debug.log\u001b[22m"}}
[debug] [2025-10-23T07:49:41.118Z] <<< [apiv2][status] POST https://www.googleapis.com/oauth2/v3/token 200
[debug] [2025-10-23T07:49:41.118Z] <<< [apiv2][body] POST https://www.googleapis.com/oauth2/v3/token [omitted]
[debug] [2025-10-23T07:49:41.130Z] [Firebase Plugin] User found:  jena.espelita@gmail.com
[info] [Firebase Plugin] (Core:Project) New user detected, fetching projects
[debug] [2025-10-23T07:49:41.132Z] Checked if tokens are valid: true, expires at: 1761209380119
[debug] [2025-10-23T07:49:41.133Z] >>> [apiv2][query] GET https://firebase.googleapis.com/v1beta1/projects pageSize=1000
[debug] [2025-10-23T07:49:41.136Z] E1023 15:49:41.078592   43408 dev.go:79] Failed to load initial config from "c:\\Users\\Jena Espelita\\Favorites\\dgp-deploy\\dataconnect": could not find dataconnect.yaml in `c:\Users\Jena Espelita\Favorites\dgp-deploy\dataconnect`
E1023 15:49:41.126777   43408 watch.go:102] watchAllDir unable to walk dir `c:\Users\Jena Espelita\Favorites\dgp-deploy\dataconnect`: CreateFile c:\Users\Jena Espelita\Favorites\dgp-deploy\dataconnect: The system cannot find the file specified.
 {"metadata":{"emulator":{"name":"dataconnect"},"message":"E1023 15:49:41.078592   43408 dev.go:79] Failed to load initial config from \"c:\\\\Users\\\\Jena Espelita\\\\Favorites\\\\dgp-deploy\\\\dataconnect\": could not find dataconnect.yaml in `c:\\Users\\Jena Espelita\\Favorites\\dgp-deploy\\dataconnect`\nE1023 15:49:41.126777   43408 watch.go:102] watchAllDir unable to walk dir `c:\\Users\\Jena Espelita\\Favorites\\dgp-deploy\\dataconnect`: CreateFile c:\\Users\\Jena Espelita\\Favorites\\dgp-deploy\\dataconnect: The system cannot find the file specified.\n"}}
[debug] [2025-10-23T07:49:41.143Z] I1023 15:49:41.139462   43408 dev.go:102] Listening on address (HTTP + gRPC): 127.0.0.1:50002
 {"metadata":{"emulator":{"name":"dataconnect"},"message":"I1023 15:49:41.139462   43408 dev.go:102] Listening on address (HTTP + gRPC): 127.0.0.1:50002\n"}}
[error] [Firebase Plugin] error:  {}
[debug] [2025-10-23T07:49:41.733Z] <<< [apiv2][status] GET https://firebase.googleapis.com/v1beta1/projects 200
[debug] [2025-10-23T07:49:41.733Z] <<< [apiv2][body] GET https://firebase.googleapis.com/v1beta1/projects [omitted]
[debug] [2025-10-23T07:49:51.127Z] E1023 15:49:51.127490   43408 watch.go:31] Failed to load config from "c:\\Users\\Jena Espelita\\Favorites\\dgp-deploy\\dataconnect": could not find dataconnect.yaml in `c:\Users\Jena Espelita\Favorites\dgp-deploy\dataconnect`
 {"metadata":{"emulator":{"name":"dataconnect"},"message":"E1023 15:49:51.127490   43408 watch.go:31] Failed to load config from \"c:\\\\Users\\\\Jena Espelita\\\\Favorites\\\\dgp-deploy\\\\dataconnect\": could not find dataconnect.yaml in `c:\\Users\\Jena Espelita\\Favorites\\dgp-deploy\\dataconnect`\n"}}
[debug] [2025-10-23T07:50:01.128Z] E1023 15:50:01.128916   43408 watch.go:31] Failed to load config from "c:\\Users\\Jena Espelita\\Favorites\\dgp-deploy\\dataconnect": could not find dataconnect.yaml in `c:\Users\Jena Espelita\Favorites\dgp-deploy\dataconnect`
 {"metadata":{"emulator":{"name":"dataconnect"},"message":"E1023 15:50:01.128916   43408 watch.go:31] Failed to load config from \"c:\\\\Users\\\\Jena Espelita\\\\Favorites\\\\dgp-deploy\\\\dataconnect\": could not find dataconnect.yaml in `c:\\Users\\Jena Espelita\\Favorites\\dgp-deploy\\dataconnect`\n"}}
[debug] [2025-10-23T07:50:11.128Z] E1023 15:50:11.128684   43408 watch.go:31] Failed to load config from "c:\\Users\\Jena Espelita\\Favorites\\dgp-deploy\\dataconnect": could not find dataconnect.yaml in `c:\Users\Jena Espelita\Favorites\dgp-deploy\dataconnect`
 {"metadata":{"emulator":{"name":"dataconnect"},"message":"E1023 15:50:11.128684   43408 watch.go:31] Failed to load config from \"c:\\\\Users\\\\Jena Espelita\\\\Favorites\\\\dgp-deploy\\\\dataconnect\": could not find dataconnect.yaml in `c:\\Users\\Jena Espelita\\Favorites\\dgp-deploy\\dataconnect`\n"}}
[debug] [2025-10-23T07:50:21.128Z] E1023 15:50:21.128311   43408 watch.go:31] Failed to load config from "c:\\Users\\Jena Espelita\\Favorites\\dgp-deploy\\dataconnect": could not find dataconnect.yaml in `c:\Users\Jena Espelita\Favorites\dgp-deploy\dataconnect`
 {"metadata":{"emulator":{"name":"dataconnect"},"message":"E1023 15:50:21.128311   43408 watch.go:31] Failed to load config from \"c:\\\\Users\\\\Jena Espelita\\\\Favorites\\\\dgp-deploy\\\\dataconnect\": could not find dataconnect.yaml in `c:\\Users\\Jena Espelita\\Favorites\\dgp-deploy\\dataconnect`\n"}}
[debug] [2025-10-23T07:50:31.129Z] E1023 15:50:31.128789   43408 watch.go:31] Failed to load config from "c:\\Users\\Jena Espelita\\Favorites\\dgp-deploy\\dataconnect": could not find dataconnect.yaml in `c:\Users\Jena Espelita\Favorites\dgp-deploy\dataconnect`
 {"metadata":{"emulator":{"name":"dataconnect"},"message":"E1023 15:50:31.128789   43408 watch.go:31] Failed to load config from \"c:\\\\Users\\\\Jena Espelita\\\\Favorites\\\\dgp-deploy\\\\dataconnect\": could not find dataconnect.yaml in `c:\\Users\\Jena Espelita\\Favorites\\dgp-deploy\\dataconnect`\n"}}
[debug] [2025-10-23T07:50:41.130Z] E1023 15:50:41.129182   43408 watch.go:31] Failed to load config from "c:\\Users\\Jena Espelita\\Favorites\\dgp-deploy\\dataconnect": could not find dataconnect.yaml in `c:\Users\Jena Espelita\Favorites\dgp-deploy\dataconnect`
 {"metadata":{"emulator":{"name":"dataconnect"},"message":"E1023 15:50:41.129182   43408 watch.go:31] Failed to load config from \"c:\\\\Users\\\\Jena Espelita\\\\Favorites\\\\dgp-deploy\\\\dataconnect\": could not find dataconnect.yaml in `c:\\Users\\Jena Espelita\\Favorites\\dgp-deploy\\dataconnect`\n"}}
[debug] [2025-10-23T07:50:51.129Z] E1023 15:50:51.129175   43408 watch.go:31] Failed to load config from "c:\\Users\\Jena Espelita\\Favorites\\dgp-deploy\\dataconnect": could not find dataconnect.yaml in `c:\Users\Jena Espelita\Favorites\dgp-deploy\dataconnect`
 {"metadata":{"emulator":{"name":"dataconnect"},"message":"E1023 15:50:51.129175   43408 watch.go:31] Failed to load config from \"c:\\\\Users\\\\Jena Espelita\\\\Favorites\\\\dgp-deploy\\\\dataconnect\": could not find dataconnect.yaml in `c:\\Users\\Jena Espelita\\Favorites\\dgp-deploy\\dataconnect`\n"}}
[debug] [2025-10-23T07:51:01.128Z] E1023 15:51:01.128516   43408 watch.go:31] Failed to load config from "c:\\Users\\Jena Espelita\\Favorites\\dgp-deploy\\dataconnect": could not find dataconnect.yaml in `c:\Users\Jena Espelita\Favorites\dgp-deploy\dataconnect`
 {"metadata":{"emulator":{"name":"dataconnect"},"message":"E1023 15:51:01.128516   43408 watch.go:31] Failed to load config from \"c:\\\\Users\\\\Jena Espelita\\\\Favorites\\\\dgp-deploy\\\\dataconnect\": could not find dataconnect.yaml in `c:\\Users\\Jena Espelita\\Favorites\\dgp-deploy\\dataconnect`\n"}}
[debug] [2025-10-23T07:51:11.129Z] E1023 15:51:11.128337   43408 watch.go:31] Failed to load config from "c:\\Users\\Jena Espelita\\Favorites\\dgp-deploy\\dataconnect": could not find dataconnect.yaml in `c:\Users\Jena Espelita\Favorites\dgp-deploy\dataconnect`
 {"metadata":{"emulator":{"name":"dataconnect"},"message":"E1023 15:51:11.128337   43408 watch.go:31] Failed to load config from \"c:\\\\Users\\\\Jena Espelita\\\\Favorites\\\\dgp-deploy\\\\dataconnect\": could not find dataconnect.yaml in `c:\\Users\\Jena Espelita\\Favorites\\dgp-deploy\\dataconnect`\n"}}
[debug] [2025-10-23T07:51:21.129Z] E1023 15:51:21.128795   43408 watch.go:31] Failed to load config from "c:\\Users\\Jena Espelita\\Favorites\\dgp-deploy\\dataconnect": could not find dataconnect.yaml in `c:\Users\Jena Espelita\Favorites\dgp-deploy\dataconnect`
 {"metadata":{"emulator":{"name":"dataconnect"},"message":"E1023 15:51:21.128795   43408 watch.go:31] Failed to load config from \"c:\\\\Users\\\\Jena Espelita\\\\Favorites\\\\dgp-deploy\\\\dataconnect\": could not find dataconnect.yaml in `c:\\Users\\Jena Espelita\\Favorites\\dgp-deploy\\dataconnect`\n"}}
[debug] [2025-10-23T07:51:31.128Z] E1023 15:51:31.128365   43408 watch.go:31] Failed to load config from "c:\\Users\\Jena Espelita\\Favorites\\dgp-deploy\\dataconnect": could not find dataconnect.yaml in `c:\Users\Jena Espelita\Favorites\dgp-deploy\dataconnect`
 {"metadata":{"emulator":{"name":"dataconnect"},"message":"E1023 15:51:31.128365   43408 watch.go:31] Failed to load config from \"c:\\\\Users\\\\Jena Espelita\\\\Favorites\\\\dgp-deploy\\\\dataconnect\": could not find dataconnect.yaml in `c:\\Users\\Jena Espelita\\Favorites\\dgp-deploy\\dataconnect`\n"}}
[debug] [2025-10-23T07:51:41.128Z] E1023 15:51:41.128118   43408 watch.go:31] Failed to load config from "c:\\Users\\Jena Espelita\\Favorites\\dgp-deploy\\dataconnect": could not find dataconnect.yaml in `c:\Users\Jena Espelita\Favorites\dgp-deploy\dataconnect`
E1023 15:51:41.128118   43408 watch.go:102] watchAllDir unable to walk dir `c:\Users\Jena Espelita\Favorites\dgp-deploy\dataconnect`: CreateFile c:\Users\Jena Espelita\Favorites\dgp-deploy\dataconnect: The system cannot find the file specified.
 {"metadata":{"emulator":{"name":"dataconnect"},"message":"E1023 15:51:41.128118   43408 watch.go:31] Failed to load config from \"c:\\\\Users\\\\Jena Espelita\\\\Favorites\\\\dgp-deploy\\\\dataconnect\": could not find dataconnect.yaml in `c:\\Users\\Jena Espelita\\Favorites\\dgp-deploy\\dataconnect`\nE1023 15:51:41.128118   43408 watch.go:102] watchAllDir unable to walk dir `c:\\Users\\Jena Espelita\\Favorites\\dgp-deploy\\dataconnect`: CreateFile c:\\Users\\Jena Espelita\\Favorites\\dgp-deploy\\dataconnect: The system cannot find the file specified.\n"}}
[debug] [2025-10-23T07:51:51.130Z] E1023 15:51:51.129002   43408 watch.go:31] Failed to load config from "c:\\Users\\Jena Espelita\\Favorites\\dgp-deploy\\dataconnect": could not find dataconnect.yaml in `c:\Users\Jena Espelita\Favorites\dgp-deploy\dataconnect`
 {"metadata":{"emulator":{"name":"dataconnect"},"message":"E1023 15:51:51.129002   43408 watch.go:31] Failed to load config from \"c:\\\\Users\\\\Jena Espelita\\\\Favorites\\\\dgp-deploy\\\\dataconnect\": could not find dataconnect.yaml in `c:\\Users\\Jena Espelita\\Favorites\\dgp-deploy\\dataconnect`\n"}}
[debug] [2025-10-23T07:52:01.129Z] E1023 15:52:01.128313   43408 watch.go:31] Failed to load config from "c:\\Users\\Jena Espelita\\Favorites\\dgp-deploy\\dataconnect": could not find dataconnect.yaml in `c:\Users\Jena Espelita\Favorites\dgp-deploy\dataconnect`
 {"metadata":{"emulator":{"name":"dataconnect"},"message":"E1023 15:52:01.128313   43408 watch.go:31] Failed to load config from \"c:\\\\Users\\\\Jena Espelita\\\\Favorites\\\\dgp-deploy\\\\dataconnect\": could not find dataconnect.yaml in `c:\\Users\\Jena Espelita\\Favorites\\dgp-deploy\\dataconnect`\n"}}
[debug] [2025-10-23T07:52:11.129Z] E1023 15:52:11.128947   43408 watch.go:31] Failed to load config from "c:\\Users\\Jena Espelita\\Favorites\\dgp-deploy\\dataconnect": could not find dataconnect.yaml in `c:\Users\Jena Espelita\Favorites\dgp-deploy\dataconnect`
 {"metadata":{"emulator":{"name":"dataconnect"},"message":"E1023 15:52:11.128947   43408 watch.go:31] Failed to load config from \"c:\\\\Users\\\\Jena Espelita\\\\Favorites\\\\dgp-deploy\\\\dataconnect\": could not find dataconnect.yaml in `c:\\Users\\Jena Espelita\\Favorites\\dgp-deploy\\dataconnect`\n"}}
[debug] [2025-10-23T07:52:21.128Z] E1023 15:52:21.128272   43408 watch.go:31] Failed to load config from "c:\\Users\\Jena Espelita\\Favorites\\dgp-deploy\\dataconnect": could not find dataconnect.yaml in `c:\Users\Jena Espelita\Favorites\dgp-deploy\dataconnect`
 {"metadata":{"emulator":{"name":"dataconnect"},"message":"E1023 15:52:21.128272   43408 watch.go:31] Failed to load config from \"c:\\\\Users\\\\Jena Espelita\\\\Favorites\\\\dgp-deploy\\\\dataconnect\": could not find dataconnect.yaml in `c:\\Users\\Jena Espelita\\Favorites\\dgp-deploy\\dataconnect`\n"}}
[debug] [2025-10-23T07:52:31.129Z] E1023 15:52:31.128606   43408 watch.go:31] Failed to load config from "c:\\Users\\Jena Espelita\\Favorites\\dgp-deploy\\dataconnect": could not find dataconnect.yaml in `c:\Users\Jena Espelita\Favorites\dgp-deploy\dataconnect`
 {"metadata":{"emulator":{"name":"dataconnect"},"message":"E1023 15:52:31.128606   43408 watch.go:31] Failed to load config from \"c:\\\\Users\\\\Jena Espelita\\\\Favorites\\\\dgp-deploy\\\\dataconnect\": could not find dataconnect.yaml in `c:\\Users\\Jena Espelita\\Favorites\\dgp-deploy\\dataconnect`\n"}}
[debug] [2025-10-23T07:52:41.128Z] E1023 15:52:41.128120   43408 watch.go:31] Failed to load config from "c:\\Users\\Jena Espelita\\Favorites\\dgp-deploy\\dataconnect": could not find dataconnect.yaml in `c:\Users\Jena Espelita\Favorites\dgp-deploy\dataconnect`
 {"metadata":{"emulator":{"name":"dataconnect"},"message":"E1023 15:52:41.128120   43408 watch.go:31] Failed to load config from \"c:\\\\Users\\\\Jena Espelita\\\\Favorites\\\\dgp-deploy\\\\dataconnect\": could not find dataconnect.yaml in `c:\\Users\\Jena Espelita\\Favorites\\dgp-deploy\\dataconnect`\n"}}
[debug] [2025-10-23T07:52:51.129Z] E1023 15:52:51.128307   43408 watch.go:31] Failed to load config from "c:\\Users\\Jena Espelita\\Favorites\\dgp-deploy\\dataconnect": could not find dataconnect.yaml in `c:\Users\Jena Espelita\Favorites\dgp-deploy\dataconnect`
 {"metadata":{"emulator":{"name":"dataconnect"},"message":"E1023 15:52:51.128307   43408 watch.go:31] Failed to load config from \"c:\\\\Users\\\\Jena Espelita\\\\Favorites\\\\dgp-deploy\\\\dataconnect\": could not find dataconnect.yaml in `c:\\Users\\Jena Espelita\\Favorites\\dgp-deploy\\dataconnect`\n"}}
[debug] [2025-10-23T07:53:01.129Z] E1023 15:53:01.128400   43408 watch.go:31] Failed to load config from "c:\\Users\\Jena Espelita\\Favorites\\dgp-deploy\\dataconnect": could not find dataconnect.yaml in `c:\Users\Jena Espelita\Favorites\dgp-deploy\dataconnect`
 {"metadata":{"emulator":{"name":"dataconnect"},"message":"E1023 15:53:01.128400   43408 watch.go:31] Failed to load config from \"c:\\\\Users\\\\Jena Espelita\\\\Favorites\\\\dgp-deploy\\\\dataconnect\": could not find dataconnect.yaml in `c:\\Users\\Jena Espelita\\Favorites\\dgp-deploy\\dataconnect`\n"}}
[debug] [2025-10-23T07:53:11.130Z] E1023 15:53:11.129013   43408 watch.go:31] Failed to load config from "c:\\Users\\Jena Espelita\\Favorites\\dgp-deploy\\dataconnect": could not find dataconnect.yaml in `c:\Users\Jena Espelita\Favorites\dgp-deploy\dataconnect`
 {"metadata":{"emulator":{"name":"dataconnect"},"message":"E1023 15:53:11.129013   43408 watch.go:31] Failed to load config from \"c:\\\\Users\\\\Jena Espelita\\\\Favorites\\\\dgp-deploy\\\\dataconnect\": could not find dataconnect.yaml in `c:\\Users\\Jena Espelita\\Favorites\\dgp-deploy\\dataconnect`\n"}}
[debug] [2025-10-23T07:53:21.129Z] E1023 15:53:21.128858   43408 watch.go:31] Failed to load config from "c:\\Users\\Jena Espelita\\Favorites\\dgp-deploy\\dataconnect": could not find dataconnect.yaml in `c:\Users\Jena Espelita\Favorites\dgp-deploy\dataconnect`
 {"metadata":{"emulator":{"name":"dataconnect"},"message":"E1023 15:53:21.128858   43408 watch.go:31] Failed to load config from \"c:\\\\Users\\\\Jena Espelita\\\\Favorites\\\\dgp-deploy\\\\dataconnect\": could not find dataconnect.yaml in `c:\\Users\\Jena Espelita\\Favorites\\dgp-deploy\\dataconnect`\n"}}
[debug] [2025-10-23T07:53:31.129Z] E1023 15:53:31.128281   43408 watch.go:31] Failed to load config from "c:\\Users\\Jena Espelita\\Favorites\\dgp-deploy\\dataconnect": could not find dataconnect.yaml in `c:\Users\Jena Espelita\Favorites\dgp-deploy\dataconnect`
 {"metadata":{"emulator":{"name":"dataconnect"},"message":"E1023 15:53:31.128281   43408 watch.go:31] Failed to load config from \"c:\\\\Users\\\\Jena Espelita\\\\Favorites\\\\dgp-deploy\\\\dataconnect\": could not find dataconnect.yaml in `c:\\Users\\Jena Espelita\\Favorites\\dgp-deploy\\dataconnect`\n"}}
[debug] [2025-10-23T07:53:41.129Z] E1023 15:53:41.127791   43408 watch.go:31] Failed to load config from "c:\\Users\\Jena Espelita\\Favorites\\dgp-deploy\\dataconnect": could not find dataconnect.yaml in `c:\Users\Jena Espelita\Favorites\dgp-deploy\dataconnect`
E1023 15:53:41.128559   43408 watch.go:102] watchAllDir unable to walk dir `c:\Users\Jena Espelita\Favorites\dgp-deploy\dataconnect`: CreateFile c:\Users\Jena Espelita\Favorites\dgp-deploy\dataconnect: The system cannot find the file specified.
 {"metadata":{"emulator":{"name":"dataconnect"},"message":"E1023 15:53:41.127791   43408 watch.go:31] Failed to load config from \"c:\\\\Users\\\\Jena Espelita\\\\Favorites\\\\dgp-deploy\\\\dataconnect\": could not find dataconnect.yaml in `c:\\Users\\Jena Espelita\\Favorites\\dgp-deploy\\dataconnect`\nE1023 15:53:41.128559   43408 watch.go:102] watchAllDir unable to walk dir `c:\\Users\\Jena Espelita\\Favorites\\dgp-deploy\\dataconnect`: CreateFile c:\\Users\\Jena Espelita\\Favorites\\dgp-deploy\\dataconnect: The system cannot find the file specified.\n"}}
[debug] [2025-10-23T07:53:51.129Z] E1023 15:53:51.129038   43408 watch.go:31] Failed to load config from "c:\\Users\\Jena Espelita\\Favorites\\dgp-deploy\\dataconnect": could not find dataconnect.yaml in `c:\Users\Jena Espelita\Favorites\dgp-deploy\dataconnect`
 {"metadata":{"emulator":{"name":"dataconnect"},"message":"E1023 15:53:51.129038   43408 watch.go:31] Failed to load config from \"c:\\\\Users\\\\Jena Espelita\\\\Favorites\\\\dgp-deploy\\\\dataconnect\": could not find dataconnect.yaml in `c:\\Users\\Jena Espelita\\Favorites\\dgp-deploy\\dataconnect`\n"}}
[debug] [2025-10-23T07:54:01.130Z] E1023 15:54:01.129839   43408 watch.go:31] Failed to load config from "c:\\Users\\Jena Espelita\\Favorites\\dgp-deploy\\dataconnect": could not find dataconnect.yaml in `c:\Users\Jena Espelita\Favorites\dgp-deploy\dataconnect`
 {"metadata":{"emulator":{"name":"dataconnect"},"message":"E1023 15:54:01.129839   43408 watch.go:31] Failed to load config from \"c:\\\\Users\\\\Jena Espelita\\\\Favorites\\\\dgp-deploy\\\\dataconnect\": could not find dataconnect.yaml in `c:\\Users\\Jena Espelita\\Favorites\\dgp-deploy\\dataconnect`\n"}}
[debug] [2025-10-23T07:54:11.128Z] E1023 15:54:11.128038   43408 watch.go:31] Failed to load config from "c:\\Users\\Jena Espelita\\Favorites\\dgp-deploy\\dataconnect": could not find dataconnect.yaml in `c:\Users\Jena Espelita\Favorites\dgp-deploy\dataconnect`
 {"metadata":{"emulator":{"name":"dataconnect"},"message":"E1023 15:54:11.128038   43408 watch.go:31] Failed to load config from \"c:\\\\Users\\\\Jena Espelita\\\\Favorites\\\\dgp-deploy\\\\dataconnect\": could not find dataconnect.yaml in `c:\\Users\\Jena Espelita\\Favorites\\dgp-deploy\\dataconnect`\n"}}
[debug] [2025-10-23T07:54:21.129Z] E1023 15:54:21.127874   43408 watch.go:31] Failed to load config from "c:\\Users\\Jena Espelita\\Favorites\\dgp-deploy\\dataconnect": could not find dataconnect.yaml in `c:\Users\Jena Espelita\Favorites\dgp-deploy\dataconnect`
 {"metadata":{"emulator":{"name":"dataconnect"},"message":"E1023 15:54:21.127874   43408 watch.go:31] Failed to load config from \"c:\\\\Users\\\\Jena Espelita\\\\Favorites\\\\dgp-deploy\\\\dataconnect\": could not find dataconnect.yaml in `c:\\Users\\Jena Espelita\\Favorites\\dgp-deploy\\dataconnect`\n"}}
[debug] [2025-10-23T07:54:31.129Z] E1023 15:54:31.128702   43408 watch.go:31] Failed to load config from "c:\\Users\\Jena Espelita\\Favorites\\dgp-deploy\\dataconnect": could not find dataconnect.yaml in `c:\Users\Jena Espelita\Favorites\dgp-deploy\dataconnect`
 {"metadata":{"emulator":{"name":"dataconnect"},"message":"E1023 15:54:31.128702   43408 watch.go:31] Failed to load config from \"c:\\\\Users\\\\Jena Espelita\\\\Favorites\\\\dgp-deploy\\\\dataconnect\": could not find dataconnect.yaml in `c:\\Users\\Jena Espelita\\Favorites\\dgp-deploy\\dataconnect`\n"}}
[debug] [2025-10-23T07:54:41.129Z] E1023 15:54:41.128152   43408 watch.go:31] Failed to load config from "c:\\Users\\Jena Espelita\\Favorites\\dgp-deploy\\dataconnect": could not find dataconnect.yaml in `c:\Users\Jena Espelita\Favorites\dgp-deploy\dataconnect`
 {"metadata":{"emulator":{"name":"dataconnect"},"message":"E1023 15:54:41.128152   43408 watch.go:31] Failed to load config from \"c:\\\\Users\\\\Jena Espelita\\\\Favorites\\\\dgp-deploy\\\\dataconnect\": could not find dataconnect.yaml in `c:\\Users\\Jena Espelita\\Favorites\\dgp-deploy\\dataconnect`\n"}}
[debug] [2025-10-23T07:54:51.129Z] E1023 15:54:51.128616   43408 watch.go:31] Failed to load config from "c:\\Users\\Jena Espelita\\Favorites\\dgp-deploy\\dataconnect": could not find dataconnect.yaml in `c:\Users\Jena Espelita\Favorites\dgp-deploy\dataconnect`
 {"metadata":{"emulator":{"name":"dataconnect"},"message":"E1023 15:54:51.128616   43408 watch.go:31] Failed to load config from \"c:\\\\Users\\\\Jena Espelita\\\\Favorites\\\\dgp-deploy\\\\dataconnect\": could not find dataconnect.yaml in `c:\\Users\\Jena Espelita\\Favorites\\dgp-deploy\\dataconnect`\n"}}
[debug] [2025-10-23T07:55:01.128Z] E1023 15:55:01.128154   43408 watch.go:31] Failed to load config from "c:\\Users\\Jena Espelita\\Favorites\\dgp-deploy\\dataconnect": could not find dataconnect.yaml in `c:\Users\Jena Espelita\Favorites\dgp-deploy\dataconnect`
 {"metadata":{"emulator":{"name":"dataconnect"},"message":"E1023 15:55:01.128154   43408 watch.go:31] Failed to load config from \"c:\\\\Users\\\\Jena Espelita\\\\Favorites\\\\dgp-deploy\\\\dataconnect\": could not find dataconnect.yaml in `c:\\Users\\Jena Espelita\\Favorites\\dgp-deploy\\dataconnect`\n"}}
[debug] [2025-10-23T07:55:11.129Z] E1023 15:55:11.128987   43408 watch.go:31] Failed to load config from "c:\\Users\\Jena Espelita\\Favorites\\dgp-deploy\\dataconnect": could not find dataconnect.yaml in `c:\Users\Jena Espelita\Favorites\dgp-deploy\dataconnect`
 {"metadata":{"emulator":{"name":"dataconnect"},"message":"E1023 15:55:11.128987   43408 watch.go:31] Failed to load config from \"c:\\\\Users\\\\Jena Espelita\\\\Favorites\\\\dgp-deploy\\\\dataconnect\": could not find dataconnect.yaml in `c:\\Users\\Jena Espelita\\Favorites\\dgp-deploy\\dataconnect`\n"}}
[debug] [2025-10-23T07:55:21.128Z] E1023 15:55:21.128144   43408 watch.go:31] Failed to load config from "c:\\Users\\Jena Espelita\\Favorites\\dgp-deploy\\dataconnect": could not find dataconnect.yaml in `c:\Users\Jena Espelita\Favorites\dgp-deploy\dataconnect`
 {"metadata":{"emulator":{"name":"dataconnect"},"message":"E1023 15:55:21.128144   43408 watch.go:31] Failed to load config from \"c:\\\\Users\\\\Jena Espelita\\\\Favorites\\\\dgp-deploy\\\\dataconnect\": could not find dataconnect.yaml in `c:\\Users\\Jena Espelita\\Favorites\\dgp-deploy\\dataconnect`\n"}}
[debug] [2025-10-23T07:55:31.129Z] E1023 15:55:31.128088   43408 watch.go:31] Failed to load config from "c:\\Users\\Jena Espelita\\Favorites\\dgp-deploy\\dataconnect": could not find dataconnect.yaml in `c:\Users\Jena Espelita\Favorites\dgp-deploy\dataconnect`
 {"metadata":{"emulator":{"name":"dataconnect"},"message":"E1023 15:55:31.128088   43408 watch.go:31] Failed to load config from \"c:\\\\Users\\\\Jena Espelita\\\\Favorites\\\\dgp-deploy\\\\dataconnect\": could not find dataconnect.yaml in `c:\\Users\\Jena Espelita\\Favorites\\dgp-deploy\\dataconnect`\n"}}
[debug] [2025-10-23T07:55:41.129Z] E1023 15:55:41.128958   43408 watch.go:31] Failed to load config from "c:\\Users\\Jena Espelita\\Favorites\\dgp-deploy\\dataconnect": could not find dataconnect.yaml in `c:\Users\Jena Espelita\Favorites\dgp-deploy\dataconnect`
E1023 15:55:41.129686   43408 watch.go:102] watchAllDir unable to walk dir `c:\Users\Jena Espelita\Favorites\dgp-deploy\dataconnect`: CreateFile c:\Users\Jena Espelita\Favorites\dgp-deploy\dataconnect: The system cannot find the file specified.
 {"metadata":{"emulator":{"name":"dataconnect"},"message":"E1023 15:55:41.128958   43408 watch.go:31] Failed to load config from \"c:\\\\Users\\\\Jena Espelita\\\\Favorites\\\\dgp-deploy\\\\dataconnect\": could not find dataconnect.yaml in `c:\\Users\\Jena Espelita\\Favorites\\dgp-deploy\\dataconnect`\nE1023 15:55:41.129686   43408 watch.go:102] watchAllDir unable to walk dir `c:\\Users\\Jena Espelita\\Favorites\\dgp-deploy\\dataconnect`: CreateFile c:\\Users\\Jena Espelita\\Favorites\\dgp-deploy\\dataconnect: The system cannot find the file specified.\n"}}
[debug] [2025-10-23T07:55:51.129Z] E1023 15:55:51.128491   43408 watch.go:31] Failed to load config from "c:\\Users\\Jena Espelita\\Favorites\\dgp-deploy\\dataconnect": could not find dataconnect.yaml in `c:\Users\Jena Espelita\Favorites\dgp-deploy\dataconnect`
 {"metadata":{"emulator":{"name":"dataconnect"},"message":"E1023 15:55:51.128491   43408 watch.go:31] Failed to load config from \"c:\\\\Users\\\\Jena Espelita\\\\Favorites\\\\dgp-deploy\\\\dataconnect\": could not find dataconnect.yaml in `c:\\Users\\Jena Espelita\\Favorites\\dgp-deploy\\dataconnect`\n"}}
[debug] [2025-10-23T07:56:01.128Z] E1023 15:56:01.128061   43408 watch.go:31] Failed to load config from "c:\\Users\\Jena Espelita\\Favorites\\dgp-deploy\\dataconnect": could not find dataconnect.yaml in `c:\Users\Jena Espelita\Favorites\dgp-deploy\dataconnect`
 {"metadata":{"emulator":{"name":"dataconnect"},"message":"E1023 15:56:01.128061   43408 watch.go:31] Failed to load config from \"c:\\\\Users\\\\Jena Espelita\\\\Favorites\\\\dgp-deploy\\\\dataconnect\": could not find dataconnect.yaml in `c:\\Users\\Jena Espelita\\Favorites\\dgp-deploy\\dataconnect`\n"}}
[debug] [2025-10-23T07:56:11.129Z] E1023 15:56:11.129383   43408 watch.go:31] Failed to load config from "c:\\Users\\Jena Espelita\\Favorites\\dgp-deploy\\dataconnect": could not find dataconnect.yaml in `c:\Users\Jena Espelita\Favorites\dgp-deploy\dataconnect`
 {"metadata":{"emulator":{"name":"dataconnect"},"message":"E1023 15:56:11.129383   43408 watch.go:31] Failed to load config from \"c:\\\\Users\\\\Jena Espelita\\\\Favorites\\\\dgp-deploy\\\\dataconnect\": could not find dataconnect.yaml in `c:\\Users\\Jena Espelita\\Favorites\\dgp-deploy\\dataconnect`\n"}}
[debug] [2025-10-23T07:56:21.129Z] E1023 15:56:21.128536   43408 watch.go:31] Failed to load config from "c:\\Users\\Jena Espelita\\Favorites\\dgp-deploy\\dataconnect": could not find dataconnect.yaml in `c:\Users\Jena Espelita\Favorites\dgp-deploy\dataconnect`
 {"metadata":{"emulator":{"name":"dataconnect"},"message":"E1023 15:56:21.128536   43408 watch.go:31] Failed to load config from \"c:\\\\Users\\\\Jena Espelita\\\\Favorites\\\\dgp-deploy\\\\dataconnect\": could not find dataconnect.yaml in `c:\\Users\\Jena Espelita\\Favorites\\dgp-deploy\\dataconnect`\n"}}
[debug] [2025-10-23T07:56:31.129Z] E1023 15:56:31.128713   43408 watch.go:31] Failed to load config from "c:\\Users\\Jena Espelita\\Favorites\\dgp-deploy\\dataconnect": could not find dataconnect.yaml in `c:\Users\Jena Espelita\Favorites\dgp-deploy\dataconnect`
 {"metadata":{"emulator":{"name":"dataconnect"},"message":"E1023 15:56:31.128713   43408 watch.go:31] Failed to load config from \"c:\\\\Users\\\\Jena Espelita\\\\Favorites\\\\dgp-deploy\\\\dataconnect\": could not find dataconnect.yaml in `c:\\Users\\Jena Espelita\\Favorites\\dgp-deploy\\dataconnect`\n"}}
[debug] [2025-10-23T07:56:41.128Z] E1023 15:56:41.128039   43408 watch.go:31] Failed to load config from "c:\\Users\\Jena Espelita\\Favorites\\dgp-deploy\\dataconnect": could not find dataconnect.yaml in `c:\Users\Jena Espelita\Favorites\dgp-deploy\dataconnect`
 {"metadata":{"emulator":{"name":"dataconnect"},"message":"E1023 15:56:41.128039   43408 watch.go:31] Failed to load config from \"c:\\\\Users\\\\Jena Espelita\\\\Favorites\\\\dgp-deploy\\\\dataconnect\": could not find dataconnect.yaml in `c:\\Users\\Jena Espelita\\Favorites\\dgp-deploy\\dataconnect`\n"}}
[debug] [2025-10-23T07:56:51.129Z] E1023 15:56:51.129303   43408 watch.go:31] Failed to load config from "c:\\Users\\Jena Espelita\\Favorites\\dgp-deploy\\dataconnect": could not find dataconnect.yaml in `c:\Users\Jena Espelita\Favorites\dgp-deploy\dataconnect`
 {"metadata":{"emulator":{"name":"dataconnect"},"message":"E1023 15:56:51.129303   43408 watch.go:31] Failed to load config from \"c:\\\\Users\\\\Jena Espelita\\\\Favorites\\\\dgp-deploy\\\\dataconnect\": could not find dataconnect.yaml in `c:\\Users\\Jena Espelita\\Favorites\\dgp-deploy\\dataconnect`\n"}}
[debug] [2025-10-23T07:57:01.129Z] E1023 15:57:01.128822   43408 watch.go:31] Failed to load config from "c:\\Users\\Jena Espelita\\Favorites\\dgp-deploy\\dataconnect": could not find dataconnect.yaml in `c:\Users\Jena Espelita\Favorites\dgp-deploy\dataconnect`
 {"metadata":{"emulator":{"name":"dataconnect"},"message":"E1023 15:57:01.128822   43408 watch.go:31] Failed to load config from \"c:\\\\Users\\\\Jena Espelita\\\\Favorites\\\\dgp-deploy\\\\dataconnect\": could not find dataconnect.yaml in `c:\\Users\\Jena Espelita\\Favorites\\dgp-deploy\\dataconnect`\n"}}
[debug] [2025-10-23T07:57:11.129Z] E1023 15:57:11.128833   43408 watch.go:31] Failed to load config from "c:\\Users\\Jena Espelita\\Favorites\\dgp-deploy\\dataconnect": could not find dataconnect.yaml in `c:\Users\Jena Espelita\Favorites\dgp-deploy\dataconnect`
 {"metadata":{"emulator":{"name":"dataconnect"},"message":"E1023 15:57:11.128833   43408 watch.go:31] Failed to load config from \"c:\\\\Users\\\\Jena Espelita\\\\Favorites\\\\dgp-deploy\\\\dataconnect\": could not find dataconnect.yaml in `c:\\Users\\Jena Espelita\\Favorites\\dgp-deploy\\dataconnect`\n"}}
[debug] [2025-10-23T07:57:21.128Z] E1023 15:57:21.128273   43408 watch.go:31] Failed to load config from "c:\\Users\\Jena Espelita\\Favorites\\dgp-deploy\\dataconnect": could not find dataconnect.yaml in `c:\Users\Jena Espelita\Favorites\dgp-deploy\dataconnect`
 {"metadata":{"emulator":{"name":"dataconnect"},"message":"E1023 15:57:21.128273   43408 watch.go:31] Failed to load config from \"c:\\\\Users\\\\Jena Espelita\\\\Favorites\\\\dgp-deploy\\\\dataconnect\": could not find dataconnect.yaml in `c:\\Users\\Jena Espelita\\Favorites\\dgp-deploy\\dataconnect`\n"}}
[debug] [2025-10-23T07:57:31.128Z] E1023 15:57:31.128293   43408 watch.go:31] Failed to load config from "c:\\Users\\Jena Espelita\\Favorites\\dgp-deploy\\dataconnect": could not find dataconnect.yaml in `c:\Users\Jena Espelita\Favorites\dgp-deploy\dataconnect`
 {"metadata":{"emulator":{"name":"dataconnect"},"message":"E1023 15:57:31.128293   43408 watch.go:31] Failed to load config from \"c:\\\\Users\\\\Jena Espelita\\\\Favorites\\\\dgp-deploy\\\\dataconnect\": could not find dataconnect.yaml in `c:\\Users\\Jena Espelita\\Favorites\\dgp-deploy\\dataconnect`\n"}}
[debug] [2025-10-23T07:57:41.129Z] E1023 15:57:41.128592   43408 watch.go:31] Failed to load config from "c:\\Users\\Jena Espelita\\Favorites\\dgp-deploy\\dataconnect": could not find dataconnect.yaml in `c:\Users\Jena Espelita\Favorites\dgp-deploy\dataconnect`
E1023 15:57:41.128592   43408 watch.go:102] watchAllDir unable to walk dir `c:\Users\Jena Espelita\Favorites\dgp-deploy\dataconnect`: CreateFile c:\Users\Jena Espelita\Favorites\dgp-deploy\dataconnect: The system cannot find the file specified.
 {"metadata":{"emulator":{"name":"dataconnect"},"message":"E1023 15:57:41.128592   43408 watch.go:31] Failed to load config from \"c:\\\\Users\\\\Jena Espelita\\\\Favorites\\\\dgp-deploy\\\\dataconnect\": could not find dataconnect.yaml in `c:\\Users\\Jena Espelita\\Favorites\\dgp-deploy\\dataconnect`\nE1023 15:57:41.128592   43408 watch.go:102] watchAllDir unable to walk dir `c:\\Users\\Jena Espelita\\Favorites\\dgp-deploy\\dataconnect`: CreateFile c:\\Users\\Jena Espelita\\Favorites\\dgp-deploy\\dataconnect: The system cannot find the file specified.\n"}}
[debug] [2025-10-23T07:57:51.128Z] E1023 15:57:51.127666   43408 watch.go:31] Failed to load config from "c:\\Users\\Jena Espelita\\Favorites\\dgp-deploy\\dataconnect": could not find dataconnect.yaml in `c:\Users\Jena Espelita\Favorites\dgp-deploy\dataconnect`
 {"metadata":{"emulator":{"name":"dataconnect"},"message":"E1023 15:57:51.127666   43408 watch.go:31] Failed to load config from \"c:\\\\Users\\\\Jena Espelita\\\\Favorites\\\\dgp-deploy\\\\dataconnect\": could not find dataconnect.yaml in `c:\\Users\\Jena Espelita\\Favorites\\dgp-deploy\\dataconnect`\n"}}
[debug] [2025-10-23T07:58:01.128Z] E1023 15:58:01.128112   43408 watch.go:31] Failed to load config from "c:\\Users\\Jena Espelita\\Favorites\\dgp-deploy\\dataconnect": could not find dataconnect.yaml in `c:\Users\Jena Espelita\Favorites\dgp-deploy\dataconnect`
 {"metadata":{"emulator":{"name":"dataconnect"},"message":"E1023 15:58:01.128112   43408 watch.go:31] Failed to load config from \"c:\\\\Users\\\\Jena Espelita\\\\Favorites\\\\dgp-deploy\\\\dataconnect\": could not find dataconnect.yaml in `c:\\Users\\Jena Espelita\\Favorites\\dgp-deploy\\dataconnect`\n"}}
[debug] [2025-10-23T07:58:11.130Z] E1023 15:58:11.129615   43408 watch.go:31] Failed to load config from "c:\\Users\\Jena Espelita\\Favorites\\dgp-deploy\\dataconnect": could not find dataconnect.yaml in `c:\Users\Jena Espelita\Favorites\dgp-deploy\dataconnect`
 {"metadata":{"emulator":{"name":"dataconnect"},"message":"E1023 15:58:11.129615   43408 watch.go:31] Failed to load config from \"c:\\\\Users\\\\Jena Espelita\\\\Favorites\\\\dgp-deploy\\\\dataconnect\": could not find dataconnect.yaml in `c:\\Users\\Jena Espelita\\Favorites\\dgp-deploy\\dataconnect`\n"}}
[debug] [2025-10-23T07:58:21.129Z] E1023 15:58:21.128881   43408 watch.go:31] Failed to load config from "c:\\Users\\Jena Espelita\\Favorites\\dgp-deploy\\dataconnect": could not find dataconnect.yaml in `c:\Users\Jena Espelita\Favorites\dgp-deploy\dataconnect`
 {"metadata":{"emulator":{"name":"dataconnect"},"message":"E1023 15:58:21.128881   43408 watch.go:31] Failed to load config from \"c:\\\\Users\\\\Jena Espelita\\\\Favorites\\\\dgp-deploy\\\\dataconnect\": could not find dataconnect.yaml in `c:\\Users\\Jena Espelita\\Favorites\\dgp-deploy\\dataconnect`\n"}}
[debug] [2025-10-23T07:58:31.128Z] E1023 15:58:31.128502   43408 watch.go:31] Failed to load config from "c:\\Users\\Jena Espelita\\Favorites\\dgp-deploy\\dataconnect": could not find dataconnect.yaml in `c:\Users\Jena Espelita\Favorites\dgp-deploy\dataconnect`
 {"metadata":{"emulator":{"name":"dataconnect"},"message":"E1023 15:58:31.128502   43408 watch.go:31] Failed to load config from \"c:\\\\Users\\\\Jena Espelita\\\\Favorites\\\\dgp-deploy\\\\dataconnect\": could not find dataconnect.yaml in `c:\\Users\\Jena Espelita\\Favorites\\dgp-deploy\\dataconnect`\n"}}
[debug] [2025-10-23T07:58:41.128Z] E1023 15:58:41.128009   43408 watch.go:31] Failed to load config from "c:\\Users\\Jena Espelita\\Favorites\\dgp-deploy\\dataconnect": could not find dataconnect.yaml in `c:\Users\Jena Espelita\Favorites\dgp-deploy\dataconnect`
 {"metadata":{"emulator":{"name":"dataconnect"},"message":"E1023 15:58:41.128009   43408 watch.go:31] Failed to load config from \"c:\\\\Users\\\\Jena Espelita\\\\Favorites\\\\dgp-deploy\\\\dataconnect\": could not find dataconnect.yaml in `c:\\Users\\Jena Espelita\\Favorites\\dgp-deploy\\dataconnect`\n"}}
[debug] [2025-10-23T07:58:51.129Z] E1023 15:58:51.128441   43408 watch.go:31] Failed to load config from "c:\\Users\\Jena Espelita\\Favorites\\dgp-deploy\\dataconnect": could not find dataconnect.yaml in `c:\Users\Jena Espelita\Favorites\dgp-deploy\dataconnect`
 {"metadata":{"emulator":{"name":"dataconnect"},"message":"E1023 15:58:51.128441   43408 watch.go:31] Failed to load config from \"c:\\\\Users\\\\Jena Espelita\\\\Favorites\\\\dgp-deploy\\\\dataconnect\": could not find dataconnect.yaml in `c:\\Users\\Jena Espelita\\Favorites\\dgp-deploy\\dataconnect`\n"}}
[debug] [2025-10-23T07:59:01.129Z] E1023 15:59:01.128403   43408 watch.go:31] Failed to load config from "c:\\Users\\Jena Espelita\\Favorites\\dgp-deploy\\dataconnect": could not find dataconnect.yaml in `c:\Users\Jena Espelita\Favorites\dgp-deploy\dataconnect`
 {"metadata":{"emulator":{"name":"dataconnect"},"message":"E1023 15:59:01.128403   43408 watch.go:31] Failed to load config from \"c:\\\\Users\\\\Jena Espelita\\\\Favorites\\\\dgp-deploy\\\\dataconnect\": could not find dataconnect.yaml in `c:\\Users\\Jena Espelita\\Favorites\\dgp-deploy\\dataconnect`\n"}}
[debug] [2025-10-23T07:59:11.129Z] E1023 15:59:11.128687   43408 watch.go:31] Failed to load config from "c:\\Users\\Jena Espelita\\Favorites\\dgp-deploy\\dataconnect": could not find dataconnect.yaml in `c:\Users\Jena Espelita\Favorites\dgp-deploy\dataconnect`
 {"metadata":{"emulator":{"name":"dataconnect"},"message":"E1023 15:59:11.128687   43408 watch.go:31] Failed to load config from \"c:\\\\Users\\\\Jena Espelita\\\\Favorites\\\\dgp-deploy\\\\dataconnect\": could not find dataconnect.yaml in `c:\\Users\\Jena Espelita\\Favorites\\dgp-deploy\\dataconnect`\n"}}
[debug] [2025-10-23T07:59:21.129Z] E1023 15:59:21.128804   43408 watch.go:31] Failed to load config from "c:\\Users\\Jena Espelita\\Favorites\\dgp-deploy\\dataconnect": could not find dataconnect.yaml in `c:\Users\Jena Espelita\Favorites\dgp-deploy\dataconnect`
 {"metadata":{"emulator":{"name":"dataconnect"},"message":"E1023 15:59:21.128804   43408 watch.go:31] Failed to load config from \"c:\\\\Users\\\\Jena Espelita\\\\Favorites\\\\dgp-deploy\\\\dataconnect\": could not find dataconnect.yaml in `c:\\Users\\Jena Espelita\\Favorites\\dgp-deploy\\dataconnect`\n"}}
[debug] [2025-10-23T07:59:31.129Z] E1023 15:59:31.128870   43408 watch.go:31] Failed to load config from "c:\\Users\\Jena Espelita\\Favorites\\dgp-deploy\\dataconnect": could not find dataconnect.yaml in `c:\Users\Jena Espelita\Favorites\dgp-deploy\dataconnect`
 {"metadata":{"emulator":{"name":"dataconnect"},"message":"E1023 15:59:31.128870   43408 watch.go:31] Failed to load config from \"c:\\\\Users\\\\Jena Espelita\\\\Favorites\\\\dgp-deploy\\\\dataconnect\": could not find dataconnect.yaml in `c:\\Users\\Jena Espelita\\Favorites\\dgp-deploy\\dataconnect`\n"}}
[debug] [2025-10-23T07:59:41.129Z] E1023 15:59:41.128845   43408 watch.go:31] Failed to load config from "c:\\Users\\Jena Espelita\\Favorites\\dgp-deploy\\dataconnect": could not find dataconnect.yaml in `c:\Users\Jena Espelita\Favorites\dgp-deploy\dataconnect`
E1023 15:59:41.128845   43408 watch.go:102] watchAllDir unable to walk dir `c:\Users\Jena Espelita\Favorites\dgp-deploy\dataconnect`: CreateFile c:\Users\Jena Espelita\Favorites\dgp-deploy\dataconnect: The system cannot find the file specified.
 {"metadata":{"emulator":{"name":"dataconnect"},"message":"E1023 15:59:41.128845   43408 watch.go:31] Failed to load config from \"c:\\\\Users\\\\Jena Espelita\\\\Favorites\\\\dgp-deploy\\\\dataconnect\": could not find dataconnect.yaml in `c:\\Users\\Jena Espelita\\Favorites\\dgp-deploy\\dataconnect`\nE1023 15:59:41.128845   43408 watch.go:102] watchAllDir unable to walk dir `c:\\Users\\Jena Espelita\\Favorites\\dgp-deploy\\dataconnect`: CreateFile c:\\Users\\Jena Espelita\\Favorites\\dgp-deploy\\dataconnect: The system cannot find the file specified.\n"}}
[debug] [2025-10-23T07:59:51.128Z] E1023 15:59:51.128377   43408 watch.go:31] Failed to load config from "c:\\Users\\Jena Espelita\\Favorites\\dgp-deploy\\dataconnect": could not find dataconnect.yaml in `c:\Users\Jena Espelita\Favorites\dgp-deploy\dataconnect`
 {"metadata":{"emulator":{"name":"dataconnect"},"message":"E1023 15:59:51.128377   43408 watch.go:31] Failed to load config from \"c:\\\\Users\\\\Jena Espelita\\\\Favorites\\\\dgp-deploy\\\\dataconnect\": could not find dataconnect.yaml in `c:\\Users\\Jena Espelita\\Favorites\\dgp-deploy\\dataconnect`\n"}}
[debug] [2025-10-23T08:00:01.129Z] E1023 16:00:01.128345   43408 watch.go:31] Failed to load config from "c:\\Users\\Jena Espelita\\Favorites\\dgp-deploy\\dataconnect": could not find dataconnect.yaml in `c:\Users\Jena Espelita\Favorites\dgp-deploy\dataconnect`
 {"metadata":{"emulator":{"name":"dataconnect"},"message":"E1023 16:00:01.128345   43408 watch.go:31] Failed to load config from \"c:\\\\Users\\\\Jena Espelita\\\\Favorites\\\\dgp-deploy\\\\dataconnect\": could not find dataconnect.yaml in `c:\\Users\\Jena Espelita\\Favorites\\dgp-deploy\\dataconnect`\n"}}
[debug] [2025-10-23T08:00:11.129Z] E1023 16:00:11.128386   43408 watch.go:31] Failed to load config from "c:\\Users\\Jena Espelita\\Favorites\\dgp-deploy\\dataconnect": could not find dataconnect.yaml in `c:\Users\Jena Espelita\Favorites\dgp-deploy\dataconnect`
 {"metadata":{"emulator":{"name":"dataconnect"},"message":"E1023 16:00:11.128386   43408 watch.go:31] Failed to load config from \"c:\\\\Users\\\\Jena Espelita\\\\Favorites\\\\dgp-deploy\\\\dataconnect\": could not find dataconnect.yaml in `c:\\Users\\Jena Espelita\\Favorites\\dgp-deploy\\dataconnect`\n"}}
[debug] [2025-10-23T08:00:21.332Z] E1023 16:00:21.129089   43408 watch.go:31] Failed to load config from "c:\\Users\\Jena Espelita\\Favorites\\dgp-deploy\\dataconnect": could not find dataconnect.yaml in `c:\Users\Jena Espelita\Favorites\dgp-deploy\dataconnect`
 {"metadata":{"emulator":{"name":"dataconnect"},"message":"E1023 16:00:21.129089   43408 watch.go:31] Failed to load config from \"c:\\\\Users\\\\Jena Espelita\\\\Favorites\\\\dgp-deploy\\\\dataconnect\": could not find dataconnect.yaml in `c:\\Users\\Jena Espelita\\Favorites\\dgp-deploy\\dataconnect`\n"}}
[debug] [2025-10-23T08:00:31.127Z] E1023 16:00:31.128170   43408 watch.go:31] Failed to load config from "c:\\Users\\Jena Espelita\\Favorites\\dgp-deploy\\dataconnect": could not find dataconnect.yaml in `c:\Users\Jena Espelita\Favorites\dgp-deploy\dataconnect`
 {"metadata":{"emulator":{"name":"dataconnect"},"message":"E1023 16:00:31.128170   43408 watch.go:31] Failed to load config from \"c:\\\\Users\\\\Jena Espelita\\\\Favorites\\\\dgp-deploy\\\\dataconnect\": could not find dataconnect.yaml in `c:\\Users\\Jena Espelita\\Favorites\\dgp-deploy\\dataconnect`\n"}}
[debug] [2025-10-23T08:00:41.128Z] E1023 16:00:41.128790   43408 watch.go:31] Failed to load config from "c:\\Users\\Jena Espelita\\Favorites\\dgp-deploy\\dataconnect": could not find dataconnect.yaml in `c:\Users\Jena Espelita\Favorites\dgp-deploy\dataconnect`
 {"metadata":{"emulator":{"name":"dataconnect"},"message":"E1023 16:00:41.128790   43408 watch.go:31] Failed to load config from \"c:\\\\Users\\\\Jena Espelita\\\\Favorites\\\\dgp-deploy\\\\dataconnect\": could not find dataconnect.yaml in `c:\\Users\\Jena Espelita\\Favorites\\dgp-deploy\\dataconnect`\n"}}
[debug] [2025-10-23T08:00:51.128Z] E1023 16:00:51.128376   43408 watch.go:31] Failed to load config from "c:\\Users\\Jena Espelita\\Favorites\\dgp-deploy\\dataconnect": could not find dataconnect.yaml in `c:\Users\Jena Espelita\Favorites\dgp-deploy\dataconnect`
 {"metadata":{"emulator":{"name":"dataconnect"},"message":"E1023 16:00:51.128376   43408 watch.go:31] Failed to load config from \"c:\\\\Users\\\\Jena Espelita\\\\Favorites\\\\dgp-deploy\\\\dataconnect\": could not find dataconnect.yaml in `c:\\Users\\Jena Espelita\\Favorites\\dgp-deploy\\dataconnect`\n"}}
[debug] [2025-10-23T08:01:01.128Z] E1023 16:01:01.128532   43408 watch.go:31] Failed to load config from "c:\\Users\\Jena Espelita\\Favorites\\dgp-deploy\\dataconnect": could not find dataconnect.yaml in `c:\Users\Jena Espelita\Favorites\dgp-deploy\dataconnect`
 {"metadata":{"emulator":{"name":"dataconnect"},"message":"E1023 16:01:01.128532   43408 watch.go:31] Failed to load config from \"c:\\\\Users\\\\Jena Espelita\\\\Favorites\\\\dgp-deploy\\\\dataconnect\": could not find dataconnect.yaml in `c:\\Users\\Jena Espelita\\Favorites\\dgp-deploy\\dataconnect`\n"}}
[debug] [2025-10-23T08:01:11.128Z] E1023 16:01:11.128225   43408 watch.go:31] Failed to load config from "c:\\Users\\Jena Espelita\\Favorites\\dgp-deploy\\dataconnect": could not find dataconnect.yaml in `c:\Users\Jena Espelita\Favorites\dgp-deploy\dataconnect`
 {"metadata":{"emulator":{"name":"dataconnect"},"message":"E1023 16:01:11.128225   43408 watch.go:31] Failed to load config from \"c:\\\\Users\\\\Jena Espelita\\\\Favorites\\\\dgp-deploy\\\\dataconnect\": could not find dataconnect.yaml in `c:\\Users\\Jena Espelita\\Favorites\\dgp-deploy\\dataconnect`\n"}}
[debug] [2025-10-23T08:01:21.128Z] E1023 16:01:21.128644   43408 watch.go:31] Failed to load config from "c:\\Users\\Jena Espelita\\Favorites\\dgp-deploy\\dataconnect": could not find dataconnect.yaml in `c:\Users\Jena Espelita\Favorites\dgp-deploy\dataconnect`
 {"metadata":{"emulator":{"name":"dataconnect"},"message":"E1023 16:01:21.128644   43408 watch.go:31] Failed to load config from \"c:\\\\Users\\\\Jena Espelita\\\\Favorites\\\\dgp-deploy\\\\dataconnect\": could not find dataconnect.yaml in `c:\\Users\\Jena Espelita\\Favorites\\dgp-deploy\\dataconnect`\n"}}
[debug] [2025-10-23T08:01:31.128Z] E1023 16:01:31.128745   43408 watch.go:31] Failed to load config from "c:\\Users\\Jena Espelita\\Favorites\\dgp-deploy\\dataconnect": could not find dataconnect.yaml in `c:\Users\Jena Espelita\Favorites\dgp-deploy\dataconnect`
 {"metadata":{"emulator":{"name":"dataconnect"},"message":"E1023 16:01:31.128745   43408 watch.go:31] Failed to load config from \"c:\\\\Users\\\\Jena Espelita\\\\Favorites\\\\dgp-deploy\\\\dataconnect\": could not find dataconnect.yaml in `c:\\Users\\Jena Espelita\\Favorites\\dgp-deploy\\dataconnect`\n"}}
[debug] [2025-10-23T08:01:41.128Z] E1023 16:01:41.128451   43408 watch.go:31] Failed to load config from "c:\\Users\\Jena Espelita\\Favorites\\dgp-deploy\\dataconnect": could not find dataconnect.yaml in `c:\Users\Jena Espelita\Favorites\dgp-deploy\dataconnect`
E1023 16:01:41.128451   43408 watch.go:102] watchAllDir unable to walk dir `c:\Users\Jena Espelita\Favorites\dgp-deploy\dataconnect`: CreateFile c:\Users\Jena Espelita\Favorites\dgp-deploy\dataconnect: The system cannot find the file specified.
 {"metadata":{"emulator":{"name":"dataconnect"},"message":"E1023 16:01:41.128451   43408 watch.go:31] Failed to load config from \"c:\\\\Users\\\\Jena Espelita\\\\Favorites\\\\dgp-deploy\\\\dataconnect\": could not find dataconnect.yaml in `c:\\Users\\Jena Espelita\\Favorites\\dgp-deploy\\dataconnect`\nE1023 16:01:41.128451   43408 watch.go:102] watchAllDir unable to walk dir `c:\\Users\\Jena Espelita\\Favorites\\dgp-deploy\\dataconnect`: CreateFile c:\\Users\\Jena Espelita\\Favorites\\dgp-deploy\\dataconnect: The system cannot find the file specified.\n"}}
[debug] [2025-10-23T08:01:51.129Z] E1023 16:01:51.128975   43408 watch.go:31] Failed to load config from "c:\\Users\\Jena Espelita\\Favorites\\dgp-deploy\\dataconnect": could not find dataconnect.yaml in `c:\Users\Jena Espelita\Favorites\dgp-deploy\dataconnect`
 {"metadata":{"emulator":{"name":"dataconnect"},"message":"E1023 16:01:51.128975   43408 watch.go:31] Failed to load config from \"c:\\\\Users\\\\Jena Espelita\\\\Favorites\\\\dgp-deploy\\\\dataconnect\": could not find dataconnect.yaml in `c:\\Users\\Jena Espelita\\Favorites\\dgp-deploy\\dataconnect`\n"}}
[debug] [2025-10-23T08:02:01.128Z] E1023 16:02:01.128161   43408 watch.go:31] Failed to load config from "c:\\Users\\Jena Espelita\\Favorites\\dgp-deploy\\dataconnect": could not find dataconnect.yaml in `c:\Users\Jena Espelita\Favorites\dgp-deploy\dataconnect`
 {"metadata":{"emulator":{"name":"dataconnect"},"message":"E1023 16:02:01.128161   43408 watch.go:31] Failed to load config from \"c:\\\\Users\\\\Jena Espelita\\\\Favorites\\\\dgp-deploy\\\\dataconnect\": could not find dataconnect.yaml in `c:\\Users\\Jena Espelita\\Favorites\\dgp-deploy\\dataconnect`\n"}}
[debug] [2025-10-23T08:02:11.129Z] E1023 16:02:11.129097   43408 watch.go:31] Failed to load config from "c:\\Users\\Jena Espelita\\Favorites\\dgp-deploy\\dataconnect": could not find dataconnect.yaml in `c:\Users\Jena Espelita\Favorites\dgp-deploy\dataconnect`
 {"metadata":{"emulator":{"name":"dataconnect"},"message":"E1023 16:02:11.129097   43408 watch.go:31] Failed to load config from \"c:\\\\Users\\\\Jena Espelita\\\\Favorites\\\\dgp-deploy\\\\dataconnect\": could not find dataconnect.yaml in `c:\\Users\\Jena Espelita\\Favorites\\dgp-deploy\\dataconnect`\n"}}
[debug] [2025-10-23T08:02:21.128Z] E1023 16:02:21.128477   43408 watch.go:31] Failed to load config from "c:\\Users\\Jena Espelita\\Favorites\\dgp-deploy\\dataconnect": could not find dataconnect.yaml in `c:\Users\Jena Espelita\Favorites\dgp-deploy\dataconnect`
 {"metadata":{"emulator":{"name":"dataconnect"},"message":"E1023 16:02:21.128477   43408 watch.go:31] Failed to load config from \"c:\\\\Users\\\\Jena Espelita\\\\Favorites\\\\dgp-deploy\\\\dataconnect\": could not find dataconnect.yaml in `c:\\Users\\Jena Espelita\\Favorites\\dgp-deploy\\dataconnect`\n"}}
[debug] [2025-10-23T08:02:31.129Z] E1023 16:02:31.129172   43408 watch.go:31] Failed to load config from "c:\\Users\\Jena Espelita\\Favorites\\dgp-deploy\\dataconnect": could not find dataconnect.yaml in `c:\Users\Jena Espelita\Favorites\dgp-deploy\dataconnect`
 {"metadata":{"emulator":{"name":"dataconnect"},"message":"E1023 16:02:31.129172   43408 watch.go:31] Failed to load config from \"c:\\\\Users\\\\Jena Espelita\\\\Favorites\\\\dgp-deploy\\\\dataconnect\": could not find dataconnect.yaml in `c:\\Users\\Jena Espelita\\Favorites\\dgp-deploy\\dataconnect`\n"}}
[debug] [2025-10-23T08:02:41.129Z] E1023 16:02:41.128742   43408 watch.go:31] Failed to load config from "c:\\Users\\Jena Espelita\\Favorites\\dgp-deploy\\dataconnect": could not find dataconnect.yaml in `c:\Users\Jena Espelita\Favorites\dgp-deploy\dataconnect`
 {"metadata":{"emulator":{"name":"dataconnect"},"message":"E1023 16:02:41.128742   43408 watch.go:31] Failed to load config from \"c:\\\\Users\\\\Jena Espelita\\\\Favorites\\\\dgp-deploy\\\\dataconnect\": could not find dataconnect.yaml in `c:\\Users\\Jena Espelita\\Favorites\\dgp-deploy\\dataconnect`\n"}}
[debug] [2025-10-23T08:02:51.129Z] E1023 16:02:51.128344   43408 watch.go:31] Failed to load config from "c:\\Users\\Jena Espelita\\Favorites\\dgp-deploy\\dataconnect": could not find dataconnect.yaml in `c:\Users\Jena Espelita\Favorites\dgp-deploy\dataconnect`
 {"metadata":{"emulator":{"name":"dataconnect"},"message":"E1023 16:02:51.128344   43408 watch.go:31] Failed to load config from \"c:\\\\Users\\\\Jena Espelita\\\\Favorites\\\\dgp-deploy\\\\dataconnect\": could not find dataconnect.yaml in `c:\\Users\\Jena Espelita\\Favorites\\dgp-deploy\\dataconnect`\n"}}
[debug] [2025-10-23T08:03:01.128Z] E1023 16:03:01.128598   43408 watch.go:31] Failed to load config from "c:\\Users\\Jena Espelita\\Favorites\\dgp-deploy\\dataconnect": could not find dataconnect.yaml in `c:\Users\Jena Espelita\Favorites\dgp-deploy\dataconnect`
 {"metadata":{"emulator":{"name":"dataconnect"},"message":"E1023 16:03:01.128598   43408 watch.go:31] Failed to load config from \"c:\\\\Users\\\\Jena Espelita\\\\Favorites\\\\dgp-deploy\\\\dataconnect\": could not find dataconnect.yaml in `c:\\Users\\Jena Espelita\\Favorites\\dgp-deploy\\dataconnect`\n"}}
[debug] [2025-10-23T08:03:11.128Z] E1023 16:03:11.128368   43408 watch.go:31] Failed to load config from "c:\\Users\\Jena Espelita\\Favorites\\dgp-deploy\\dataconnect": could not find dataconnect.yaml in `c:\Users\Jena Espelita\Favorites\dgp-deploy\dataconnect`
 {"metadata":{"emulator":{"name":"dataconnect"},"message":"E1023 16:03:11.128368   43408 watch.go:31] Failed to load config from \"c:\\\\Users\\\\Jena Espelita\\\\Favorites\\\\dgp-deploy\\\\dataconnect\": could not find dataconnect.yaml in `c:\\Users\\Jena Espelita\\Favorites\\dgp-deploy\\dataconnect`\n"}}
